[0m14:57:47.473656 [debug] [MainThread]: Sending event: {'category': 'dbt', 'action': 'invocation', 'label': 'start', 'context': [<snowplow_tracker.self_describing_json.SelfDescribingJson object at 0x00000241502AC5D0>, <snowplow_tracker.self_describing_json.SelfDescribingJson object at 0x000002415029F650>, <snowplow_tracker.self_describing_json.SelfDescribingJson object at 0x00000241502946D0>]}


============================== 14:57:47.478498 | ed1f8bdc-4b7a-4861-9d48-7b6e16f97ce8 ==============================
[0m14:57:47.478498 [info ] [MainThread]: Running with dbt=1.8.2
[0m14:57:47.479481 [debug] [MainThread]: running dbt with arguments {'printer_width': '80', 'indirect_selection': 'eager', 'log_cache_events': 'False', 'write_json': 'True', 'partial_parse': 'True', 'cache_selected_only': 'False', 'profiles_dir': 'C:\\Users\\User\\.dbt', 'fail_fast': 'False', 'warn_error': 'None', 'log_path': 'logs', 'debug': 'False', 'version_check': 'True', 'use_colors': 'True', 'use_experimental_parser': 'False', 'no_print': 'None', 'quiet': 'False', 'log_format': 'default', 'static_parser': 'True', 'warn_error_options': 'WarnErrorOptions(include=[], exclude=[])', 'invocation_command': 'dbt init kera_sol', 'target_path': 'None', 'introspect': 'True', 'send_anonymous_usage_stats': 'True'}
[0m14:57:47.509455 [warn ] [MainThread]: [ConfigFolderDirectory]: Unable to parse dict {'dir': WindowsPath('C:/Users/User/.dbt')}
[0m14:57:47.510455 [info ] [MainThread]: Creating dbt configuration folder at 
[0m14:57:47.513574 [debug] [MainThread]: Starter project path: C:\Users\User\projects\New folder\kara_sol\venv\Lib\site-packages\dbt\include\starter_project
[0m14:57:47.578935 [info ] [MainThread]: 
Your new dbt project "kera_sol" was created!

For more information on how to configure the profiles.yml file,
please consult the dbt documentation here:

  https://docs.getdbt.com/docs/configure-your-profile

One more thing:

Need help? Don't hesitate to reach out to us via GitHub issues or on Slack:

  https://community.getdbt.com/

Happy modeling!

[0m14:57:47.580920 [info ] [MainThread]: Setting up your profile.
[0m14:59:38.731254 [info ] [MainThread]: Profile kera_sol written to C:\Users\User\.dbt\profiles.yml using target's profile_template.yml and your supplied values. Run 'dbt debug' to validate the connection.
[0m14:59:38.734292 [debug] [MainThread]: Command `dbt init` succeeded at 14:59:38.732260 after 111.33 seconds
[0m14:59:38.734292 [debug] [MainThread]: Sending event: {'category': 'dbt', 'action': 'invocation', 'label': 'end', 'context': [<snowplow_tracker.self_describing_json.SelfDescribingJson object at 0x0000024149A1E8D0>, <snowplow_tracker.self_describing_json.SelfDescribingJson object at 0x0000024149A6C4D0>, <snowplow_tracker.self_describing_json.SelfDescribingJson object at 0x0000024149A578D0>]}
[0m14:59:38.735296 [debug] [MainThread]: Flushing usage events
[0m15:04:45.433628 [debug] [MainThread]: Sending event: {'category': 'dbt', 'action': 'invocation', 'label': 'start', 'context': [<snowplow_tracker.self_describing_json.SelfDescribingJson object at 0x0000024BC48565D0>, <snowplow_tracker.self_describing_json.SelfDescribingJson object at 0x0000024BC4555E50>, <snowplow_tracker.self_describing_json.SelfDescribingJson object at 0x0000024BC4856DD0>]}


============================== 15:04:45.437624 | 501f02ad-0bae-476f-ab68-a9c7d31cf7ea ==============================
[0m15:04:45.437624 [info ] [MainThread]: Running with dbt=1.8.2
[0m15:04:45.438624 [debug] [MainThread]: running dbt with arguments {'printer_width': '80', 'indirect_selection': 'eager', 'log_cache_events': 'False', 'write_json': 'True', 'partial_parse': 'True', 'cache_selected_only': 'False', 'warn_error': 'None', 'fail_fast': 'False', 'debug': 'False', 'log_path': 'logs', 'version_check': 'True', 'profiles_dir': 'C:\\Users\\User\\.dbt', 'use_colors': 'True', 'use_experimental_parser': 'False', 'no_print': 'None', 'quiet': 'False', 'log_format': 'default', 'introspect': 'True', 'invocation_command': 'dbt run', 'static_parser': 'True', 'target_path': 'None', 'warn_error_options': 'WarnErrorOptions(include=[], exclude=[])', 'send_anonymous_usage_stats': 'True'}
[0m15:04:45.439625 [error] [MainThread]: Encountered an error:
Runtime Error
  No dbt_project.yml found at expected path C:\Users\User\projects\New folder\kara_sol\dbt_project.yml
  Verify that each entry within packages.yml (and their transitive dependencies) contains a file named dbt_project.yml
  
[0m15:04:45.441626 [debug] [MainThread]: Command `dbt run` failed at 15:04:45.441626 after 0.13 seconds
[0m15:04:45.442630 [debug] [MainThread]: Sending event: {'category': 'dbt', 'action': 'invocation', 'label': 'end', 'context': [<snowplow_tracker.self_describing_json.SelfDescribingJson object at 0x0000024BBDFDE950>, <snowplow_tracker.self_describing_json.SelfDescribingJson object at 0x0000024BC485B210>, <snowplow_tracker.self_describing_json.SelfDescribingJson object at 0x0000024BC485AF10>]}
[0m15:04:45.442630 [debug] [MainThread]: Flushing usage events
[0m15:05:34.379023 [debug] [MainThread]: Sending event: {'category': 'dbt', 'action': 'invocation', 'label': 'start', 'context': [<snowplow_tracker.self_describing_json.SelfDescribingJson object at 0x000001F61D574F90>, <snowplow_tracker.self_describing_json.SelfDescribingJson object at 0x000001F61D586ED0>, <snowplow_tracker.self_describing_json.SelfDescribingJson object at 0x000001F61D587890>]}


============================== 15:05:34.383021 | 3f53e3cc-6fcb-43e7-bb7b-798e4b143cf0 ==============================
[0m15:05:34.383021 [info ] [MainThread]: Running with dbt=1.8.2
[0m15:05:34.384022 [debug] [MainThread]: running dbt with arguments {'printer_width': '80', 'indirect_selection': 'eager', 'log_cache_events': 'False', 'write_json': 'True', 'partial_parse': 'True', 'cache_selected_only': 'False', 'warn_error': 'None', 'fail_fast': 'False', 'version_check': 'True', 'log_path': 'logs', 'debug': 'False', 'profiles_dir': 'C:\\Users\\User\\.dbt', 'use_colors': 'True', 'use_experimental_parser': 'False', 'no_print': 'None', 'quiet': 'False', 'warn_error_options': 'WarnErrorOptions(include=[], exclude=[])', 'introspect': 'True', 'static_parser': 'True', 'invocation_command': 'dbt test', 'target_path': 'None', 'log_format': 'default', 'send_anonymous_usage_stats': 'True'}
[0m15:05:34.385024 [error] [MainThread]: Encountered an error:
Runtime Error
  No dbt_project.yml found at expected path C:\Users\User\projects\New folder\kara_sol\dbt_project.yml
  Verify that each entry within packages.yml (and their transitive dependencies) contains a file named dbt_project.yml
  
[0m15:05:34.387023 [debug] [MainThread]: Command `dbt test` failed at 15:05:34.387023 after 0.09 seconds
[0m15:05:34.387023 [debug] [MainThread]: Sending event: {'category': 'dbt', 'action': 'invocation', 'label': 'end', 'context': [<snowplow_tracker.self_describing_json.SelfDescribingJson object at 0x000001F61D311C50>, <snowplow_tracker.self_describing_json.SelfDescribingJson object at 0x000001F616CAE950>, <snowplow_tracker.self_describing_json.SelfDescribingJson object at 0x000001F61D58B190>]}
[0m15:05:34.388024 [debug] [MainThread]: Flushing usage events
